Started GET "/posts" for 127.0.0.1 at 2018-11-02 09:43:42 -0500
  
ActiveRecord::PendingMigrationError (

Migrations are pending. To resolve this issue, run:

        bin/rails db:migrate RAILS_ENV=development

):
  
activerecord (5.2.1) lib/active_record/migration.rb:579:in `check_pending!'
activerecord (5.2.1) lib/active_record/migration.rb:556:in `call'
actionpack (5.2.1) lib/action_dispatch/middleware/callbacks.rb:28:in `block in call'
activesupport (5.2.1) lib/active_support/callbacks.rb:98:in `run_callbacks'
actionpack (5.2.1) lib/action_dispatch/middleware/callbacks.rb:26:in `call'
actionpack (5.2.1) lib/action_dispatch/middleware/executor.rb:14:in `call'
actionpack (5.2.1) lib/action_dispatch/middleware/debug_exceptions.rb:61:in `call'
web-console (3.7.0) lib/web_console/middleware.rb:135:in `call_app'
web-console (3.7.0) lib/web_console/middleware.rb:30:in `block in call'
web-console (3.7.0) lib/web_console/middleware.rb:20:in `catch'
web-console (3.7.0) lib/web_console/middleware.rb:20:in `call'
actionpack (5.2.1) lib/action_dispatch/middleware/show_exceptions.rb:33:in `call'
railties (5.2.1) lib/rails/rack/logger.rb:38:in `call_app'
railties (5.2.1) lib/rails/rack/logger.rb:26:in `block in call'
activesupport (5.2.1) lib/active_support/tagged_logging.rb:71:in `block in tagged'
activesupport (5.2.1) lib/active_support/tagged_logging.rb:28:in `tagged'
activesupport (5.2.1) lib/active_support/tagged_logging.rb:71:in `tagged'
railties (5.2.1) lib/rails/rack/logger.rb:26:in `call'
sprockets-rails (3.2.1) lib/sprockets/rails/quiet_assets.rb:13:in `call'
actionpack (5.2.1) lib/action_dispatch/middleware/remote_ip.rb:81:in `call'
actionpack (5.2.1) lib/action_dispatch/middleware/request_id.rb:27:in `call'
rack (2.0.5) lib/rack/method_override.rb:22:in `call'
rack (2.0.5) lib/rack/runtime.rb:22:in `call'
activesupport (5.2.1) lib/active_support/cache/strategy/local_cache_middleware.rb:29:in `call'
actionpack (5.2.1) lib/action_dispatch/middleware/executor.rb:14:in `call'
actionpack (5.2.1) lib/action_dispatch/middleware/static.rb:127:in `call'
rack (2.0.5) lib/rack/sendfile.rb:111:in `call'
railties (5.2.1) lib/rails/engine.rb:524:in `call'
puma (3.12.0) lib/puma/configuration.rb:225:in `call'
puma (3.12.0) lib/puma/server.rb:658:in `handle_request'
puma (3.12.0) lib/puma/server.rb:472:in `process_client'
puma (3.12.0) lib/puma/server.rb:332:in `block in run'
puma (3.12.0) lib/puma/thread_pool.rb:133:in `block in spawn_thread'
Started GET "/" for 127.0.0.1 at 2018-11-02 09:43:47 -0500
  
ActiveRecord::PendingMigrationError (

Migrations are pending. To resolve this issue, run:

        bin/rails db:migrate RAILS_ENV=development

):
  
activerecord (5.2.1) lib/active_record/migration.rb:579:in `check_pending!'
activerecord (5.2.1) lib/active_record/migration.rb:556:in `call'
actionpack (5.2.1) lib/action_dispatch/middleware/callbacks.rb:28:in `block in call'
activesupport (5.2.1) lib/active_support/callbacks.rb:98:in `run_callbacks'
actionpack (5.2.1) lib/action_dispatch/middleware/callbacks.rb:26:in `call'
actionpack (5.2.1) lib/action_dispatch/middleware/executor.rb:14:in `call'
actionpack (5.2.1) lib/action_dispatch/middleware/debug_exceptions.rb:61:in `call'
web-console (3.7.0) lib/web_console/middleware.rb:135:in `call_app'
web-console (3.7.0) lib/web_console/middleware.rb:30:in `block in call'
web-console (3.7.0) lib/web_console/middleware.rb:20:in `catch'
web-console (3.7.0) lib/web_console/middleware.rb:20:in `call'
actionpack (5.2.1) lib/action_dispatch/middleware/show_exceptions.rb:33:in `call'
railties (5.2.1) lib/rails/rack/logger.rb:38:in `call_app'
railties (5.2.1) lib/rails/rack/logger.rb:26:in `block in call'
activesupport (5.2.1) lib/active_support/tagged_logging.rb:71:in `block in tagged'
activesupport (5.2.1) lib/active_support/tagged_logging.rb:28:in `tagged'
activesupport (5.2.1) lib/active_support/tagged_logging.rb:71:in `tagged'
railties (5.2.1) lib/rails/rack/logger.rb:26:in `call'
sprockets-rails (3.2.1) lib/sprockets/rails/quiet_assets.rb:13:in `call'
actionpack (5.2.1) lib/action_dispatch/middleware/remote_ip.rb:81:in `call'
actionpack (5.2.1) lib/action_dispatch/middleware/request_id.rb:27:in `call'
rack (2.0.5) lib/rack/method_override.rb:22:in `call'
rack (2.0.5) lib/rack/runtime.rb:22:in `call'
activesupport (5.2.1) lib/active_support/cache/strategy/local_cache_middleware.rb:29:in `call'
actionpack (5.2.1) lib/action_dispatch/middleware/executor.rb:14:in `call'
actionpack (5.2.1) lib/action_dispatch/middleware/static.rb:127:in `call'
rack (2.0.5) lib/rack/sendfile.rb:111:in `call'
railties (5.2.1) lib/rails/engine.rb:524:in `call'
puma (3.12.0) lib/puma/configuration.rb:225:in `call'
puma (3.12.0) lib/puma/server.rb:658:in `handle_request'
puma (3.12.0) lib/puma/server.rb:472:in `process_client'
puma (3.12.0) lib/puma/server.rb:332:in `block in run'
puma (3.12.0) lib/puma/thread_pool.rb:133:in `block in spawn_thread'
  [1m[35m (0.1ms)[0m  [1m[34mSELECT sqlite_version(*)[0m
  ↳ /usr/local/bin/rake:22
  [1m[35m (1.7ms)[0m  [1m[35mCREATE TABLE "schema_migrations" ("version" varchar NOT NULL PRIMARY KEY)[0m
  ↳ /usr/local/bin/rake:22
  [1m[35m (1.2ms)[0m  [1m[35mCREATE TABLE "ar_internal_metadata" ("key" varchar NOT NULL PRIMARY KEY, "value" varchar, "created_at" datetime NOT NULL, "updated_at" datetime NOT NULL)[0m
  ↳ /usr/local/bin/rake:22
  [1m[35m (0.1ms)[0m  [1m[34mSELECT "schema_migrations"."version" FROM "schema_migrations" ORDER BY "schema_migrations"."version" ASC[0m
  ↳ /usr/local/bin/rake:22
Migrating to CreatePosts (20181102144301)
  [1m[35m (0.1ms)[0m  [1m[36mbegin transaction[0m
  ↳ /usr/local/bin/rake:22
  [1m[35m (0.3ms)[0m  [1m[35mCREATE TABLE "posts" ("id" integer PRIMARY KEY AUTOINCREMENT NOT NULL, "title" varchar, "content" text, "author" varchar, "created_at" datetime NOT NULL, "updated_at" datetime NOT NULL)[0m
  ↳ db/migrate/20181102144301_create_posts.rb:3
  [1m[36mActiveRecord::SchemaMigration Create (0.1ms)[0m  [1m[32mINSERT INTO "schema_migrations" ("version") VALUES (?)[0m  [["version", "20181102144301"]]
  ↳ /usr/local/bin/rake:22
  [1m[35m (1.0ms)[0m  [1m[36mcommit transaction[0m
  ↳ /usr/local/bin/rake:22
  [1m[36mActiveRecord::InternalMetadata Load (0.1ms)[0m  [1m[34mSELECT  "ar_internal_metadata".* FROM "ar_internal_metadata" WHERE "ar_internal_metadata"."key" = ? LIMIT ?[0m  [["key", "environment"], ["LIMIT", 1]]
  ↳ /usr/local/bin/rake:22
  [1m[35m (0.0ms)[0m  [1m[36mbegin transaction[0m
  ↳ /usr/local/bin/rake:22
  [1m[36mActiveRecord::InternalMetadata Create (0.3ms)[0m  [1m[32mINSERT INTO "ar_internal_metadata" ("key", "value", "created_at", "updated_at") VALUES (?, ?, ?, ?)[0m  [["key", "environment"], ["value", "development"], ["created_at", "2018-11-02 14:43:59.322786"], ["updated_at", "2018-11-02 14:43:59.322786"]]
  ↳ /usr/local/bin/rake:22
  [1m[35m (0.7ms)[0m  [1m[36mcommit transaction[0m
  ↳ /usr/local/bin/rake:22
  [1m[35m (0.1ms)[0m  [1m[34mSELECT "schema_migrations"."version" FROM "schema_migrations" ORDER BY "schema_migrations"."version" ASC[0m
  ↳ /usr/local/bin/rake:22
Started GET "/" for 127.0.0.1 at 2018-11-02 09:44:22 -0500
  [1m[35m (0.1ms)[0m  [1m[34mSELECT "schema_migrations"."version" FROM "schema_migrations" ORDER BY "schema_migrations"."version" ASC[0m
  ↳ /Library/Ruby/Gems/2.3.0/gems/activerecord-5.2.1/lib/active_record/log_subscriber.rb:98
Processing by Rails::WelcomeController#index as HTML
  Rendering /Library/Ruby/Gems/2.3.0/gems/railties-5.2.1/lib/rails/templates/rails/welcome/index.html.erb
  Rendered /Library/Ruby/Gems/2.3.0/gems/railties-5.2.1/lib/rails/templates/rails/welcome/index.html.erb (2.2ms)
Completed 200 OK in 25ms (Views: 5.0ms | ActiveRecord: 0.0ms)


Started GET "/posts" for 127.0.0.1 at 2018-11-02 09:44:49 -0500
  [1m[35m (0.1ms)[0m  [1m[34mSELECT "schema_migrations"."version" FROM "schema_migrations" ORDER BY "schema_migrations"."version" ASC[0m
  ↳ /Library/Ruby/Gems/2.3.0/gems/activerecord-5.2.1/lib/active_record/log_subscriber.rb:98
Processing by PostsController#index as HTML
  Rendering posts/index.html.erb within layouts/application
  [1m[36mPost Load (0.2ms)[0m  [1m[34mSELECT "posts".* FROM "posts"[0m
  ↳ app/views/posts/index.html.erb:16
  Rendered posts/index.html.erb within layouts/application (2.8ms)
Completed 200 OK in 675ms (Views: 653.1ms | ActiveRecord: 0.6ms)


Started GET "/posts/new" for 127.0.0.1 at 2018-11-02 09:44:56 -0500
Processing by PostsController#new as HTML
  Rendering posts/new.html.erb within layouts/application
  Rendered posts/_form.html.erb (22.5ms)
  Rendered posts/new.html.erb within layouts/application (26.6ms)
Completed 200 OK in 72ms (Views: 58.2ms | ActiveRecord: 0.9ms)


Started POST "/posts" for 127.0.0.1 at 2018-11-02 09:45:21 -0500
Processing by PostsController#create as HTML
  Parameters: {"utf8"=>"✓", "authenticity_token"=>"PhZjzmINXodRSBpHvwWg0y7XHSjX/kkM90CiIrvoedS4OQa5SvuJTBk67kGj9f5TKWS3NSLNdsOPfUaXk+nwPQ==", "post"=>{"title"=>"WHAT", "content"=>"IS THIS", "author"=>"THIS IS CRAZY"}, "commit"=>"Create Post"}
  [1m[35m (0.1ms)[0m  [1m[36mbegin transaction[0m
  ↳ app/controllers/posts_controller.rb:30
  [1m[36mPost Create (0.5ms)[0m  [1m[32mINSERT INTO "posts" ("title", "content", "author", "created_at", "updated_at") VALUES (?, ?, ?, ?, ?)[0m  [["title", "WHAT"], ["content", "IS THIS"], ["author", "THIS IS CRAZY"], ["created_at", "2018-11-02 14:45:21.387555"], ["updated_at", "2018-11-02 14:45:21.387555"]]
  ↳ app/controllers/posts_controller.rb:30
  [1m[35m (1.0ms)[0m  [1m[36mcommit transaction[0m
  ↳ app/controllers/posts_controller.rb:30
Redirected to http://localhost:3000/posts/1
Completed 302 Found in 7ms (ActiveRecord: 1.6ms)


Started GET "/posts/1" for 127.0.0.1 at 2018-11-02 09:45:21 -0500
Processing by PostsController#show as HTML
  Parameters: {"id"=>"1"}
  [1m[36mPost Load (0.3ms)[0m  [1m[34mSELECT  "posts".* FROM "posts" WHERE "posts"."id" = ? LIMIT ?[0m  [["id", 1], ["LIMIT", 1]]
  ↳ app/controllers/posts_controller.rb:67
  Rendering posts/show.html.erb within layouts/application
  Rendered posts/show.html.erb within layouts/application (1.1ms)
Completed 200 OK in 43ms (Views: 34.3ms | ActiveRecord: 0.3ms)


Started GET "/posts/1/edit" for 127.0.0.1 at 2018-11-02 09:45:27 -0500
Processing by PostsController#edit as HTML
  Parameters: {"id"=>"1"}
  [1m[36mPost Load (0.2ms)[0m  [1m[34mSELECT  "posts".* FROM "posts" WHERE "posts"."id" = ? LIMIT ?[0m  [["id", 1], ["LIMIT", 1]]
  ↳ app/controllers/posts_controller.rb:67
  Rendering posts/edit.html.erb within layouts/application
  Rendered posts/_form.html.erb (2.8ms)
  Rendered posts/edit.html.erb within layouts/application (6.5ms)
Completed 200 OK in 41ms (Views: 35.4ms | ActiveRecord: 0.2ms)


Started PATCH "/posts/1" for 127.0.0.1 at 2018-11-02 09:45:36 -0500
Processing by PostsController#update as HTML
  Parameters: {"utf8"=>"✓", "authenticity_token"=>"+U/zpuep/wciY8GjYt2FMbmWh4ESbDrbqx5mTFjIn+gbgDxkpEhPC8vjinWAuXpa/2jePwQprWwBXJ8kRAKOAg==", "post"=>{"title"=>"WHAT", "content"=>"lolwut", "author"=>"THIS IS CRAZY"}, "commit"=>"Update Post", "id"=>"1"}
  [1m[36mPost Load (0.1ms)[0m  [1m[34mSELECT  "posts".* FROM "posts" WHERE "posts"."id" = ? LIMIT ?[0m  [["id", 1], ["LIMIT", 1]]
  ↳ app/controllers/posts_controller.rb:67
  [1m[35m (0.1ms)[0m  [1m[36mbegin transaction[0m
  ↳ app/controllers/posts_controller.rb:44
  [1m[36mPost Update (0.4ms)[0m  [1m[33mUPDATE "posts" SET "content" = ?, "updated_at" = ? WHERE "posts"."id" = ?[0m  [["content", "lolwut"], ["updated_at", "2018-11-02 14:45:36.205288"], ["id", 1]]
  ↳ app/controllers/posts_controller.rb:44
  [1m[35m (1.2ms)[0m  [1m[36mcommit transaction[0m
  ↳ app/controllers/posts_controller.rb:44
Redirected to http://localhost:3000/posts/1
Completed 302 Found in 8ms (ActiveRecord: 1.9ms)


Started GET "/posts/1" for 127.0.0.1 at 2018-11-02 09:45:36 -0500
Processing by PostsController#show as HTML
  Parameters: {"id"=>"1"}
  [1m[36mPost Load (0.2ms)[0m  [1m[34mSELECT  "posts".* FROM "posts" WHERE "posts"."id" = ? LIMIT ?[0m  [["id", 1], ["LIMIT", 1]]
  ↳ app/controllers/posts_controller.rb:67
  Rendering posts/show.html.erb within layouts/application
  Rendered posts/show.html.erb within layouts/application (0.6ms)
Completed 200 OK in 27ms (Views: 22.3ms | ActiveRecord: 0.2ms)


Started GET "/posts" for 127.0.0.1 at 2018-11-02 09:45:39 -0500
Processing by PostsController#index as HTML
  Rendering posts/index.html.erb within layouts/application
  [1m[36mPost Load (0.2ms)[0m  [1m[34mSELECT "posts".* FROM "posts"[0m
  ↳ app/views/posts/index.html.erb:16
  Rendered posts/index.html.erb within layouts/application (1.8ms)
Completed 200 OK in 29ms (Views: 24.6ms | ActiveRecord: 0.2ms)


Started GET "/posts/1" for 127.0.0.1 at 2018-11-02 09:45:42 -0500
Processing by PostsController#show as HTML
  Parameters: {"id"=>"1"}
  [1m[36mPost Load (0.1ms)[0m  [1m[34mSELECT  "posts".* FROM "posts" WHERE "posts"."id" = ? LIMIT ?[0m  [["id", 1], ["LIMIT", 1]]
  ↳ app/controllers/posts_controller.rb:67
  Rendering posts/show.html.erb within layouts/application
  Rendered posts/show.html.erb within layouts/application (0.6ms)
Completed 200 OK in 35ms (Views: 26.1ms | ActiveRecord: 0.1ms)


Started GET "/posts" for 127.0.0.1 at 2018-11-02 09:45:43 -0500
Processing by PostsController#index as HTML
  Rendering posts/index.html.erb within layouts/application
  [1m[36mPost Load (0.2ms)[0m  [1m[34mSELECT "posts".* FROM "posts"[0m
  ↳ app/views/posts/index.html.erb:16
  Rendered posts/index.html.erb within layouts/application (1.5ms)
Completed 200 OK in 27ms (Views: 22.1ms | ActiveRecord: 0.2ms)


Started GET "/posts/1" for 127.0.0.1 at 2018-11-02 09:45:46 -0500
Processing by PostsController#show as HTML
  Parameters: {"id"=>"1"}
  [1m[36mPost Load (0.1ms)[0m  [1m[34mSELECT  "posts".* FROM "posts" WHERE "posts"."id" = ? LIMIT ?[0m  [["id", 1], ["LIMIT", 1]]
  ↳ app/controllers/posts_controller.rb:67
  Rendering posts/show.html.erb within layouts/application
  Rendered posts/show.html.erb within layouts/application (0.6ms)
Completed 200 OK in 28ms (Views: 23.3ms | ActiveRecord: 0.1ms)


Started GET "/posts/1/edit" for 127.0.0.1 at 2018-11-02 09:45:50 -0500
Processing by PostsController#edit as HTML
  Parameters: {"id"=>"1"}
  [1m[36mPost Load (0.1ms)[0m  [1m[34mSELECT  "posts".* FROM "posts" WHERE "posts"."id" = ? LIMIT ?[0m  [["id", 1], ["LIMIT", 1]]
  ↳ app/controllers/posts_controller.rb:67
  Rendering posts/edit.html.erb within layouts/application
  Rendered posts/_form.html.erb (2.2ms)
  Rendered posts/edit.html.erb within layouts/application (5.2ms)
Completed 200 OK in 31ms (Views: 25.9ms | ActiveRecord: 0.1ms)


Started GET "/posts" for 127.0.0.1 at 2018-11-02 09:45:55 -0500
Processing by PostsController#index as HTML
  Rendering posts/index.html.erb within layouts/application
  [1m[36mPost Load (0.2ms)[0m  [1m[34mSELECT "posts".* FROM "posts"[0m
  ↳ app/views/posts/index.html.erb:16
  Rendered posts/index.html.erb within layouts/application (1.5ms)
Completed 200 OK in 29ms (Views: 24.4ms | ActiveRecord: 0.2ms)


Started DELETE "/posts/1" for 127.0.0.1 at 2018-11-02 09:46:00 -0500
Processing by PostsController#destroy as HTML
  Parameters: {"authenticity_token"=>"+bn1yJjTcooJrDkGV8d/rgqMUnwMJkvbgRIe8GWYylZCI9/FgC0EGIKeiV1KadSDms4L/2G5ll38r18ib7Rh7g==", "id"=>"1"}
  [1m[36mPost Load (0.1ms)[0m  [1m[34mSELECT  "posts".* FROM "posts" WHERE "posts"."id" = ? LIMIT ?[0m  [["id", 1], ["LIMIT", 1]]
  ↳ app/controllers/posts_controller.rb:67
  [1m[35m (0.1ms)[0m  [1m[36mbegin transaction[0m
  ↳ app/controllers/posts_controller.rb:57
  [1m[36mPost Destroy (0.4ms)[0m  [1m[31mDELETE FROM "posts" WHERE "posts"."id" = ?[0m  [["id", 1]]
  ↳ app/controllers/posts_controller.rb:57
  [1m[35m (1.3ms)[0m  [1m[36mcommit transaction[0m
  ↳ app/controllers/posts_controller.rb:57
Redirected to http://localhost:3000/posts
Completed 302 Found in 5ms (ActiveRecord: 2.0ms)


Started GET "/posts" for 127.0.0.1 at 2018-11-02 09:46:00 -0500
Processing by PostsController#index as HTML
  Rendering posts/index.html.erb within layouts/application
  [1m[36mPost Load (0.2ms)[0m  [1m[34mSELECT "posts".* FROM "posts"[0m
  ↳ app/views/posts/index.html.erb:16
  Rendered posts/index.html.erb within layouts/application (1.4ms)
Completed 200 OK in 27ms (Views: 22.9ms | ActiveRecord: 0.2ms)


Started GET "/pets/" for 127.0.0.1 at 2018-11-02 09:50:00 -0500
  
ActionController::RoutingError (No route matches [GET] "/pets"):
  
actionpack (5.2.1) lib/action_dispatch/middleware/debug_exceptions.rb:65:in `call'
web-console (3.7.0) lib/web_console/middleware.rb:135:in `call_app'
web-console (3.7.0) lib/web_console/middleware.rb:30:in `block in call'
web-console (3.7.0) lib/web_console/middleware.rb:20:in `catch'
web-console (3.7.0) lib/web_console/middleware.rb:20:in `call'
actionpack (5.2.1) lib/action_dispatch/middleware/show_exceptions.rb:33:in `call'
railties (5.2.1) lib/rails/rack/logger.rb:38:in `call_app'
railties (5.2.1) lib/rails/rack/logger.rb:26:in `block in call'
activesupport (5.2.1) lib/active_support/tagged_logging.rb:71:in `block in tagged'
activesupport (5.2.1) lib/active_support/tagged_logging.rb:28:in `tagged'
activesupport (5.2.1) lib/active_support/tagged_logging.rb:71:in `tagged'
railties (5.2.1) lib/rails/rack/logger.rb:26:in `call'
sprockets-rails (3.2.1) lib/sprockets/rails/quiet_assets.rb:13:in `call'
actionpack (5.2.1) lib/action_dispatch/middleware/remote_ip.rb:81:in `call'
actionpack (5.2.1) lib/action_dispatch/middleware/request_id.rb:27:in `call'
rack (2.0.5) lib/rack/method_override.rb:22:in `call'
rack (2.0.5) lib/rack/runtime.rb:22:in `call'
activesupport (5.2.1) lib/active_support/cache/strategy/local_cache_middleware.rb:29:in `call'
actionpack (5.2.1) lib/action_dispatch/middleware/executor.rb:14:in `call'
actionpack (5.2.1) lib/action_dispatch/middleware/static.rb:127:in `call'
rack (2.0.5) lib/rack/sendfile.rb:111:in `call'
railties (5.2.1) lib/rails/engine.rb:524:in `call'
puma (3.12.0) lib/puma/configuration.rb:225:in `call'
puma (3.12.0) lib/puma/server.rb:658:in `handle_request'
puma (3.12.0) lib/puma/server.rb:472:in `process_client'
puma (3.12.0) lib/puma/server.rb:332:in `block in run'
puma (3.12.0) lib/puma/thread_pool.rb:133:in `block in spawn_thread'
  [1m[35m (0.1ms)[0m  [1m[34mSELECT "schema_migrations"."version" FROM "schema_migrations" ORDER BY "schema_migrations"."version" ASC[0m
  ↳ bin/rails:9
Migrating to CreatePets (20181102145110)
  [1m[35m (0.0ms)[0m  [1m[36mbegin transaction[0m
  ↳ bin/rails:9
  [1m[35m (0.1ms)[0m  [1m[34mSELECT sqlite_version(*)[0m
  ↳ db/migrate/20181102145110_create_pets.rb:3
  [1m[35m (0.3ms)[0m  [1m[35mCREATE TABLE "pets" ("id" integer PRIMARY KEY AUTOINCREMENT NOT NULL, "name" varchar, "animal" varchar, "created_at" datetime NOT NULL, "updated_at" datetime NOT NULL)[0m
  ↳ db/migrate/20181102145110_create_pets.rb:3
  [1m[36mActiveRecord::SchemaMigration Create (0.1ms)[0m  [1m[32mINSERT INTO "schema_migrations" ("version") VALUES (?)[0m  [["version", "20181102145110"]]
  ↳ bin/rails:9
  [1m[35m (0.7ms)[0m  [1m[36mcommit transaction[0m
  ↳ bin/rails:9
  [1m[36mActiveRecord::InternalMetadata Load (0.1ms)[0m  [1m[34mSELECT  "ar_internal_metadata".* FROM "ar_internal_metadata" WHERE "ar_internal_metadata"."key" = ? LIMIT ?[0m  [["key", "environment"], ["LIMIT", 1]]
  ↳ bin/rails:9
  [1m[35m (0.1ms)[0m  [1m[36mbegin transaction[0m
  ↳ bin/rails:9
  [1m[35m (0.0ms)[0m  [1m[36mcommit transaction[0m
  ↳ bin/rails:9
  [1m[35m (0.1ms)[0m  [1m[34mSELECT "schema_migrations"."version" FROM "schema_migrations" ORDER BY "schema_migrations"."version" ASC[0m
  ↳ bin/rails:9
Started GET "/pets/" for 127.0.0.1 at 2018-11-02 09:52:10 -0500
  [1m[35m (0.1ms)[0m  [1m[34mSELECT "schema_migrations"."version" FROM "schema_migrations" ORDER BY "schema_migrations"."version" ASC[0m
  ↳ /Library/Ruby/Gems/2.3.0/gems/activerecord-5.2.1/lib/active_record/log_subscriber.rb:98
  
ActionController::RoutingError (No route matches [GET] "/pets"):
  
actionpack (5.2.1) lib/action_dispatch/middleware/debug_exceptions.rb:65:in `call'
web-console (3.7.0) lib/web_console/middleware.rb:135:in `call_app'
web-console (3.7.0) lib/web_console/middleware.rb:30:in `block in call'
web-console (3.7.0) lib/web_console/middleware.rb:20:in `catch'
web-console (3.7.0) lib/web_console/middleware.rb:20:in `call'
actionpack (5.2.1) lib/action_dispatch/middleware/show_exceptions.rb:33:in `call'
railties (5.2.1) lib/rails/rack/logger.rb:38:in `call_app'
railties (5.2.1) lib/rails/rack/logger.rb:26:in `block in call'
activesupport (5.2.1) lib/active_support/tagged_logging.rb:71:in `block in tagged'
activesupport (5.2.1) lib/active_support/tagged_logging.rb:28:in `tagged'
activesupport (5.2.1) lib/active_support/tagged_logging.rb:71:in `tagged'
railties (5.2.1) lib/rails/rack/logger.rb:26:in `call'
sprockets-rails (3.2.1) lib/sprockets/rails/quiet_assets.rb:13:in `call'
actionpack (5.2.1) lib/action_dispatch/middleware/remote_ip.rb:81:in `call'
actionpack (5.2.1) lib/action_dispatch/middleware/request_id.rb:27:in `call'
rack (2.0.5) lib/rack/method_override.rb:22:in `call'
rack (2.0.5) lib/rack/runtime.rb:22:in `call'
activesupport (5.2.1) lib/active_support/cache/strategy/local_cache_middleware.rb:29:in `call'
actionpack (5.2.1) lib/action_dispatch/middleware/executor.rb:14:in `call'
actionpack (5.2.1) lib/action_dispatch/middleware/static.rb:127:in `call'
rack (2.0.5) lib/rack/sendfile.rb:111:in `call'
railties (5.2.1) lib/rails/engine.rb:524:in `call'
puma (3.12.0) lib/puma/configuration.rb:225:in `call'
puma (3.12.0) lib/puma/server.rb:658:in `handle_request'
puma (3.12.0) lib/puma/server.rb:472:in `process_client'
puma (3.12.0) lib/puma/server.rb:332:in `block in run'
puma (3.12.0) lib/puma/thread_pool.rb:133:in `block in spawn_thread'
Started GET "/pets/index" for 127.0.0.1 at 2018-11-02 09:53:19 -0500
Processing by PetsController#index as HTML
  Rendering pets/index.html.erb within layouts/application
  Rendered pets/index.html.erb within layouts/application (0.3ms)
Completed 200 OK in 277ms (Views: 274.1ms | ActiveRecord: 0.0ms)


Started GET "/rails/info/routes" for 127.0.0.1 at 2018-11-02 09:56:31 -0500
  [1m[35m (0.1ms)[0m  [1m[34mSELECT "schema_migrations"."version" FROM "schema_migrations" ORDER BY "schema_migrations"."version" ASC[0m
  ↳ /Library/Ruby/Gems/2.3.0/gems/activerecord-5.2.1/lib/active_record/log_subscriber.rb:98
Processing by Rails::InfoController#routes as HTML
  Rendering /Library/Ruby/Gems/2.3.0/gems/railties-5.2.1/lib/rails/templates/rails/info/routes.html.erb within layouts/application
  Rendered collection of /Library/Ruby/Gems/2.3.0/gems/actionpack-5.2.1/lib/action_dispatch/middleware/templates/routes/_route.html.erb [15 times] (5.0ms)
  Rendered /Library/Ruby/Gems/2.3.0/gems/actionpack-5.2.1/lib/action_dispatch/middleware/templates/routes/_table.html.erb (3.2ms)
  Rendered /Library/Ruby/Gems/2.3.0/gems/railties-5.2.1/lib/rails/templates/rails/info/routes.html.erb within layouts/application (13.9ms)
Completed 200 OK in 45ms (Views: 23.5ms | ActiveRecord: 0.0ms)


Started GET "/pets/" for 127.0.0.1 at 2018-11-02 09:56:54 -0500
Processing by PetsController#index as HTML
  Rendering pets/index.html.erb within layouts/application
  Rendered pets/index.html.erb within layouts/application (0.4ms)
Completed 200 OK in 225ms (Views: 222.0ms | ActiveRecord: 0.0ms)


Started GET "/pets" for 127.0.0.1 at 2018-11-02 09:56:57 -0500
Processing by PetsController#index as HTML
  Rendering pets/index.html.erb within layouts/application
  Rendered pets/index.html.erb within layouts/application (0.3ms)
Completed 200 OK in 27ms (Views: 23.0ms | ActiveRecord: 0.0ms)


  [1m[35m (0.1ms)[0m  [1m[34mSELECT "schema_migrations"."version" FROM "schema_migrations" ORDER BY "schema_migrations"."version" ASC[0m
  ↳ bin/rails:9
  [1m[35m (0.2ms)[0m  [1m[36mbegin transaction[0m
  ↳ db/seeds.rb:8
  [1m[36mPet Create (0.5ms)[0m  [1m[32mINSERT INTO "pets" ("name", "animal", "created_at", "updated_at") VALUES (?, ?, ?, ?)[0m  [["name", "Yun"], ["animal", "cat"], ["created_at", "2018-11-02 14:59:26.242605"], ["updated_at", "2018-11-02 14:59:26.242605"]]
  ↳ db/seeds.rb:8
  [1m[35m (0.8ms)[0m  [1m[36mcommit transaction[0m
  ↳ db/seeds.rb:8
  [1m[35m (0.0ms)[0m  [1m[36mbegin transaction[0m
  ↳ db/seeds.rb:8
  [1m[36mPet Create (0.3ms)[0m  [1m[32mINSERT INTO "pets" ("name", "animal", "created_at", "updated_at") VALUES (?, ?, ?, ?)[0m  [["name", "Stormy"], ["animal", "cat"], ["created_at", "2018-11-02 14:59:26.245411"], ["updated_at", "2018-11-02 14:59:26.245411"]]
  ↳ db/seeds.rb:8
  [1m[35m (0.7ms)[0m  [1m[36mcommit transaction[0m
  ↳ db/seeds.rb:8
  [1m[35m (0.0ms)[0m  [1m[36mbegin transaction[0m
  ↳ db/seeds.rb:8
  [1m[36mPet Create (0.3ms)[0m  [1m[32mINSERT INTO "pets" ("name", "animal", "created_at", "updated_at") VALUES (?, ?, ?, ?)[0m  [["name", "Einstein"], ["animal", "guinea pig"], ["created_at", "2018-11-02 14:59:26.247691"], ["updated_at", "2018-11-02 14:59:26.247691"]]
  ↳ db/seeds.rb:8
  [1m[35m (0.7ms)[0m  [1m[36mcommit transaction[0m
  ↳ db/seeds.rb:8
  [1m[36mPet Load (0.1ms)[0m  [1m[34mSELECT  "pets".* FROM "pets" ORDER BY "pets"."id" ASC LIMIT ?[0m  [["LIMIT", 1]]
Started GET "/pets" for 127.0.0.1 at 2018-11-02 10:03:01 -0500
  [1m[35m (0.1ms)[0m  [1m[34mSELECT "schema_migrations"."version" FROM "schema_migrations" ORDER BY "schema_migrations"."version" ASC[0m
  ↳ /Library/Ruby/Gems/2.3.0/gems/activerecord-5.2.1/lib/active_record/log_subscriber.rb:98
Processing by PetsController#index as HTML
  Rendering pets/index.html.erb within layouts/application
  [1m[36mPet Load (0.2ms)[0m  [1m[34mSELECT "pets".* FROM "pets"[0m
  ↳ app/views/pets/index.html.erb:2
  Rendered pets/index.html.erb within layouts/application (6.7ms)
Completed 200 OK in 222ms (Views: 200.4ms | ActiveRecord: 0.7ms)


Started GET "/pets" for 127.0.0.1 at 2018-11-02 10:07:54 -0500
Processing by PetsController#index as HTML
  Rendering pets/index.html.erb within layouts/application
  [1m[36mPet Load (0.1ms)[0m  [1m[34mSELECT "pets".* FROM "pets"[0m
  ↳ app/views/pets/index.html.erb:2
  Rendered pets/index.html.erb within layouts/application (4.9ms)
Completed 200 OK in 32ms (Views: 28.0ms | ActiveRecord: 0.5ms)


Started GET "/pets/1" for 127.0.0.1 at 2018-11-02 10:08:06 -0500
Processing by PetsController#show as HTML
  Parameters: {"id"=>"1"}
  Rendering pets/show.html.erb within layouts/application
  Rendered pets/show.html.erb within layouts/application (0.3ms)
Completed 200 OK in 27ms (Views: 22.4ms | ActiveRecord: 0.0ms)


Started GET "/pets/1" for 127.0.0.1 at 2018-11-02 10:08:40 -0500
Processing by PetsController#show as HTML
  Parameters: {"id"=>"1"}
  [1m[36mPet Load (0.2ms)[0m  [1m[34mSELECT  "pets".* FROM "pets" WHERE "pets"."id" = ? LIMIT ?[0m  [["id", 1], ["LIMIT", 1]]
  ↳ app/controllers/pets_controller.rb:7
  Rendering pets/show.html.erb within layouts/application
  Rendered pets/show.html.erb within layouts/application (0.2ms)
Completed 200 OK in 58ms (Views: 46.9ms | ActiveRecord: 0.7ms)


Started GET "/pets/1" for 127.0.0.1 at 2018-11-02 10:09:03 -0500
Processing by PetsController#show as HTML
  Parameters: {"id"=>"1"}
  [1m[36mPet Load (0.1ms)[0m  [1m[34mSELECT  "pets".* FROM "pets" WHERE "pets"."id" = ? LIMIT ?[0m  [["id", 1], ["LIMIT", 1]]
  ↳ app/controllers/pets_controller.rb:7
  Rendering pets/show.html.erb within layouts/application
  Rendered pets/show.html.erb within layouts/application (0.4ms)
Completed 200 OK in 30ms (Views: 26.3ms | ActiveRecord: 0.1ms)


Started GET "/pets/1" for 127.0.0.1 at 2018-11-02 10:09:31 -0500
Processing by PetsController#show as HTML
  Parameters: {"id"=>"1"}
  [1m[36mPet Load (0.1ms)[0m  [1m[34mSELECT  "pets".* FROM "pets" WHERE "pets"."id" = ? LIMIT ?[0m  [["id", 1], ["LIMIT", 1]]
  ↳ app/controllers/pets_controller.rb:7
  Rendering pets/show.html.erb within layouts/application
  Rendered pets/show.html.erb within layouts/application (0.4ms)
Completed 200 OK in 28ms (Views: 24.2ms | ActiveRecord: 0.1ms)


Started GET "/pets" for 127.0.0.1 at 2018-11-02 10:09:34 -0500
Processing by PetsController#index as HTML
  Rendering pets/index.html.erb within layouts/application
  [1m[36mPet Load (0.2ms)[0m  [1m[34mSELECT "pets".* FROM "pets"[0m
  ↳ app/views/pets/index.html.erb:2
  Rendered pets/index.html.erb within layouts/application (1.2ms)
Completed 200 OK in 30ms (Views: 26.5ms | ActiveRecord: 0.2ms)


Started GET "/pets/2" for 127.0.0.1 at 2018-11-02 10:09:35 -0500
Processing by PetsController#show as HTML
  Parameters: {"id"=>"2"}
  [1m[36mPet Load (0.2ms)[0m  [1m[34mSELECT  "pets".* FROM "pets" WHERE "pets"."id" = ? LIMIT ?[0m  [["id", 2], ["LIMIT", 1]]
  ↳ app/controllers/pets_controller.rb:7
  Rendering pets/show.html.erb within layouts/application
  Rendered pets/show.html.erb within layouts/application (0.4ms)
Completed 200 OK in 42ms (Views: 36.9ms | ActiveRecord: 0.1ms)


Started GET "/pets/3" for 127.0.0.1 at 2018-11-02 10:09:38 -0500
Processing by PetsController#show as HTML
  Parameters: {"id"=>"3"}
  [1m[36mPet Load (0.4ms)[0m  [1m[34mSELECT  "pets".* FROM "pets" WHERE "pets"."id" = ? LIMIT ?[0m  [["id", 3], ["LIMIT", 1]]
  ↳ app/controllers/pets_controller.rb:7
  Rendering pets/show.html.erb within layouts/application
  Rendered pets/show.html.erb within layouts/application (0.6ms)
Completed 200 OK in 36ms (Views: 31.1ms | ActiveRecord: 0.4ms)


Started GET "/pets/3" for 127.0.0.1 at 2018-11-02 10:10:31 -0500
Processing by PetsController#show as HTML
  Parameters: {"id"=>"3"}
  [1m[36mPet Load (1.5ms)[0m  [1m[34mSELECT  "pets".* FROM "pets" WHERE "pets"."id" = ? LIMIT ?[0m  [["id", 3], ["LIMIT", 1]]
  ↳ app/controllers/pets_controller.rb:8
  Rendering pets/show.html.erb within layouts/application
  Rendered pets/show.html.erb within layouts/application (1.1ms)
Completed 500 Internal Server Error in 73983ms (Views: 146.6ms | ActiveRecord: 5.9ms)


  
SystemExit (exit):
  
(byebug):1:in `exit'
(byebug):1:in `run_callbacks'
Started GET "/pets/3" for 127.0.0.1 at 2018-11-02 10:11:56 -0500
Processing by PetsController#show as HTML
  Parameters: {"id"=>"3"}
Started GET "/pets/3" for 127.0.0.1 at 2018-11-02 10:12:07 -0500
  [1m[35m (0.1ms)[0m  [1m[34mSELECT "schema_migrations"."version" FROM "schema_migrations" ORDER BY "schema_migrations"."version" ASC[0m
  ↳ /Library/Ruby/Gems/2.3.0/gems/activerecord-5.2.1/lib/active_record/log_subscriber.rb:98
Processing by PetsController#show as HTML
  Parameters: {"id"=>"3"}
Started GET "/pets/3" for 127.0.0.1 at 2018-11-02 10:12:26 -0500
  [1m[35m (0.2ms)[0m  [1m[34mSELECT "schema_migrations"."version" FROM "schema_migrations" ORDER BY "schema_migrations"."version" ASC[0m
  ↳ /Library/Ruby/Gems/2.3.0/gems/activerecord-5.2.1/lib/active_record/log_subscriber.rb:98
Processing by PetsController#show as HTML
  Parameters: {"id"=>"3"}
  [1m[36mPet Load (0.1ms)[0m  [1m[34mSELECT  "pets".* FROM "pets" WHERE "pets"."id" = ? LIMIT ?[0m  [["id", 3], ["LIMIT", 1]]
  ↳ app/controllers/pets_controller.rb:7
  Rendering pets/show.html.erb within layouts/application
  Rendered pets/show.html.erb within layouts/application (1.0ms)
Completed 200 OK in 223ms (Views: 194.4ms | ActiveRecord: 0.6ms)


  [1m[35m (0.1ms)[0m  [1m[34mSELECT "schema_migrations"."version" FROM "schema_migrations" ORDER BY "schema_migrations"."version" ASC[0m
  ↳ bin/rails:9
Migrating to AddAgeToPets (20181102151331)
  [1m[35m (0.0ms)[0m  [1m[36mbegin transaction[0m
  ↳ bin/rails:9
  [1m[35m (0.4ms)[0m  [1m[35mALTER TABLE "pets" ADD "age" integer[0m
  ↳ db/migrate/20181102151331_add_age_to_pets.rb:3
  [1m[36mActiveRecord::SchemaMigration Create (0.2ms)[0m  [1m[32mINSERT INTO "schema_migrations" ("version") VALUES (?)[0m  [["version", "20181102151331"]]
  ↳ bin/rails:9
  [1m[35m (0.8ms)[0m  [1m[36mcommit transaction[0m
  ↳ bin/rails:9
  [1m[36mActiveRecord::InternalMetadata Load (0.1ms)[0m  [1m[34mSELECT  "ar_internal_metadata".* FROM "ar_internal_metadata" WHERE "ar_internal_metadata"."key" = ? LIMIT ?[0m  [["key", "environment"], ["LIMIT", 1]]
  ↳ bin/rails:9
  [1m[35m (0.0ms)[0m  [1m[36mbegin transaction[0m
  ↳ bin/rails:9
  [1m[35m (0.0ms)[0m  [1m[36mcommit transaction[0m
  ↳ bin/rails:9
  [1m[35m (0.1ms)[0m  [1m[34mSELECT "schema_migrations"."version" FROM "schema_migrations" ORDER BY "schema_migrations"."version" ASC[0m
  ↳ bin/rails:9
  [1m[35m (0.1ms)[0m  [1m[34mSELECT "schema_migrations"."version" FROM "schema_migrations" ORDER BY "schema_migrations"."version" ASC[0m
  ↳ bin/rails:9
  [1m[35m (0.1ms)[0m  [1m[34mSELECT "ar_internal_metadata"."value" FROM "ar_internal_metadata" WHERE "ar_internal_metadata"."key" = ?[0m  [["key", "environment"]]
  ↳ bin/rails:9
  [1m[35m (0.1ms)[0m  [1m[34mSELECT "schema_migrations"."version" FROM "schema_migrations" ORDER BY "schema_migrations"."version" ASC[0m
  ↳ bin/rails:9
  [1m[35m (0.1ms)[0m  [1m[34mSELECT "ar_internal_metadata"."value" FROM "ar_internal_metadata" WHERE "ar_internal_metadata"."key" = ?[0m  [["key", "environment"]]
  ↳ bin/rails:9
  [1m[35m (0.1ms)[0m  [1m[34mSELECT "schema_migrations"."version" FROM "schema_migrations" ORDER BY "schema_migrations"."version" ASC[0m
  ↳ bin/rails:9
  [1m[35m (0.1ms)[0m  [1m[34mSELECT "ar_internal_metadata"."value" FROM "ar_internal_metadata" WHERE "ar_internal_metadata"."key" = ?[0m  [["key", "environment"]]
  ↳ bin/rails:9
  [1m[35m (0.1ms)[0m  [1m[34mSELECT sqlite_version(*)[0m
  ↳ bin/rails:9
  [1m[35m (1.3ms)[0m  [1m[35mCREATE TABLE "schema_migrations" ("version" varchar NOT NULL PRIMARY KEY)[0m
  ↳ bin/rails:9
  [1m[35m (0.9ms)[0m  [1m[35mCREATE TABLE "ar_internal_metadata" ("key" varchar NOT NULL PRIMARY KEY, "value" varchar, "created_at" datetime NOT NULL, "updated_at" datetime NOT NULL)[0m
  ↳ bin/rails:9
  [1m[35m (0.1ms)[0m  [1m[34mSELECT "schema_migrations"."version" FROM "schema_migrations" ORDER BY "schema_migrations"."version" ASC[0m
  ↳ bin/rails:9
  [1m[35m (0.1ms)[0m  [1m[34mSELECT "schema_migrations"."version" FROM "schema_migrations" ORDER BY "schema_migrations"."version" ASC[0m
  ↳ bin/rails:9
Migrating to CreatePosts (20181102144301)
  [1m[35m (0.1ms)[0m  [1m[36mbegin transaction[0m
  ↳ bin/rails:9
  [1m[35m (0.0ms)[0m  [1m[34mSELECT sqlite_version(*)[0m
  ↳ db/migrate/20181102144301_create_posts.rb:3
  [1m[35m (0.4ms)[0m  [1m[35mCREATE TABLE "posts" ("id" integer PRIMARY KEY AUTOINCREMENT NOT NULL, "title" varchar, "content" text, "author" varchar, "created_at" datetime NOT NULL, "updated_at" datetime NOT NULL)[0m
  ↳ db/migrate/20181102144301_create_posts.rb:3
  [1m[36mActiveRecord::SchemaMigration Create (0.3ms)[0m  [1m[32mINSERT INTO "schema_migrations" ("version") VALUES (?)[0m  [["version", "20181102144301"]]
  ↳ bin/rails:9
  [1m[35m (1.3ms)[0m  [1m[36mcommit transaction[0m
  ↳ bin/rails:9
Migrating to CreatePets (20181102145110)
  [1m[35m (0.0ms)[0m  [1m[36mbegin transaction[0m
  ↳ bin/rails:9
  [1m[35m (0.3ms)[0m  [1m[35mCREATE TABLE "pets" ("id" integer PRIMARY KEY AUTOINCREMENT NOT NULL, "name" varchar, "animal" varchar, "created_at" datetime NOT NULL, "updated_at" datetime NOT NULL)[0m
  ↳ db/migrate/20181102145110_create_pets.rb:3
  [1m[36mActiveRecord::SchemaMigration Create (0.2ms)[0m  [1m[32mINSERT INTO "schema_migrations" ("version") VALUES (?)[0m  [["version", "20181102145110"]]
  ↳ bin/rails:9
  [1m[35m (1.0ms)[0m  [1m[36mcommit transaction[0m
  ↳ bin/rails:9
Migrating to AddAgeToPets (20181102151331)
  [1m[35m (0.0ms)[0m  [1m[36mbegin transaction[0m
  ↳ bin/rails:9
  [1m[35m (0.3ms)[0m  [1m[35mALTER TABLE "pets" ADD "age" integer[0m
  ↳ db/migrate/20181102151331_add_age_to_pets.rb:3
  [1m[36mActiveRecord::SchemaMigration Create (0.2ms)[0m  [1m[32mINSERT INTO "schema_migrations" ("version") VALUES (?)[0m  [["version", "20181102151331"]]
  ↳ bin/rails:9
  [1m[35m (0.7ms)[0m  [1m[36mcommit transaction[0m
  ↳ bin/rails:9
  [1m[36mActiveRecord::InternalMetadata Load (0.1ms)[0m  [1m[34mSELECT  "ar_internal_metadata".* FROM "ar_internal_metadata" WHERE "ar_internal_metadata"."key" = ? LIMIT ?[0m  [["key", "environment"], ["LIMIT", 1]]
  ↳ bin/rails:9
  [1m[35m (0.0ms)[0m  [1m[36mbegin transaction[0m
  ↳ bin/rails:9
  [1m[36mActiveRecord::InternalMetadata Create (0.3ms)[0m  [1m[32mINSERT INTO "ar_internal_metadata" ("key", "value", "created_at", "updated_at") VALUES (?, ?, ?, ?)[0m  [["key", "environment"], ["value", "development"], ["created_at", "2018-11-02 15:17:21.698200"], ["updated_at", "2018-11-02 15:17:21.698200"]]
  ↳ bin/rails:9
  [1m[35m (0.9ms)[0m  [1m[36mcommit transaction[0m
  ↳ bin/rails:9
  [1m[35m (0.1ms)[0m  [1m[34mSELECT "schema_migrations"."version" FROM "schema_migrations" ORDER BY "schema_migrations"."version" ASC[0m
  ↳ bin/rails:9
  [1m[35m (0.1ms)[0m  [1m[34mSELECT "schema_migrations"."version" FROM "schema_migrations" ORDER BY "schema_migrations"."version" ASC[0m
  ↳ bin/rails:9
  [1m[35m (0.1ms)[0m  [1m[36mbegin transaction[0m
  ↳ db/seeds.rb:8
  [1m[36mPet Create (0.4ms)[0m  [1m[32mINSERT INTO "pets" ("name", "animal", "created_at", "updated_at", "age") VALUES (?, ?, ?, ?, ?)[0m  [["name", "Yun"], ["animal", "cat"], ["created_at", "2018-11-02 15:17:35.804716"], ["updated_at", "2018-11-02 15:17:35.804716"], ["age", 4]]
  ↳ db/seeds.rb:8
  [1m[35m (0.8ms)[0m  [1m[36mcommit transaction[0m
  ↳ db/seeds.rb:8
  [1m[35m (0.0ms)[0m  [1m[36mbegin transaction[0m
  ↳ db/seeds.rb:8
  [1m[36mPet Create (0.3ms)[0m  [1m[32mINSERT INTO "pets" ("name", "animal", "created_at", "updated_at", "age") VALUES (?, ?, ?, ?, ?)[0m  [["name", "Stormy"], ["animal", "cat"], ["created_at", "2018-11-02 15:17:35.807410"], ["updated_at", "2018-11-02 15:17:35.807410"], ["age", 12]]
  ↳ db/seeds.rb:8
  [1m[35m (0.7ms)[0m  [1m[36mcommit transaction[0m
  ↳ db/seeds.rb:8
  [1m[35m (0.0ms)[0m  [1m[36mbegin transaction[0m
  ↳ db/seeds.rb:8
  [1m[36mPet Create (0.4ms)[0m  [1m[32mINSERT INTO "pets" ("name", "animal", "created_at", "updated_at", "age") VALUES (?, ?, ?, ?, ?)[0m  [["name", "Einstein"], ["animal", "guinea pig"], ["created_at", "2018-11-02 15:17:35.809496"], ["updated_at", "2018-11-02 15:17:35.809496"], ["age", 3]]
  ↳ db/seeds.rb:8
  [1m[35m (0.6ms)[0m  [1m[36mcommit transaction[0m
  ↳ db/seeds.rb:8
  [1m[36mPet Load (0.2ms)[0m  [1m[34mSELECT  "pets".* FROM "pets" ORDER BY "pets"."id" ASC LIMIT ?[0m  [["LIMIT", 1]]
Started GET "/pets/3" for 127.0.0.1 at 2018-11-02 10:19:44 -0500
  [1m[35m (0.1ms)[0m  [1m[34mSELECT "schema_migrations"."version" FROM "schema_migrations" ORDER BY "schema_migrations"."version" ASC[0m
  ↳ /Library/Ruby/Gems/2.3.0/gems/activerecord-5.2.1/lib/active_record/log_subscriber.rb:98
Processing by PetsController#show as HTML
  Parameters: {"id"=>"3"}
  [1m[36mPet Load (0.2ms)[0m  [1m[34mSELECT  "pets".* FROM "pets" WHERE "pets"."id" = ? LIMIT ?[0m  [["id", 3], ["LIMIT", 1]]
  ↳ app/controllers/pets_controller.rb:7
  Rendering pets/show.html.erb within layouts/application
  Rendered pets/show.html.erb within layouts/application (1.2ms)
Completed 200 OK in 237ms (Views: 206.4ms | ActiveRecord: 0.8ms)


Started GET "/pets/" for 127.0.0.1 at 2018-11-02 10:19:50 -0500
Processing by PetsController#index as HTML
  Rendering pets/index.html.erb within layouts/application
  [1m[36mPet Load (0.2ms)[0m  [1m[34mSELECT "pets".* FROM "pets"[0m
  ↳ app/views/pets/index.html.erb:2
  Rendered pets/index.html.erb within layouts/application (1.0ms)
Completed 200 OK in 26ms (Views: 22.0ms | ActiveRecord: 0.2ms)


Started GET "/pets/2" for 127.0.0.1 at 2018-11-02 10:19:52 -0500
Processing by PetsController#show as HTML
  Parameters: {"id"=>"2"}
  [1m[36mPet Load (0.2ms)[0m  [1m[34mSELECT  "pets".* FROM "pets" WHERE "pets"."id" = ? LIMIT ?[0m  [["id", 2], ["LIMIT", 1]]
  ↳ app/controllers/pets_controller.rb:7
  Rendering pets/show.html.erb within layouts/application
  Rendered pets/show.html.erb within layouts/application (0.4ms)
Completed 200 OK in 25ms (Views: 21.1ms | ActiveRecord: 0.2ms)


